<?xml version="1.0" encoding="UTF-8"?>
<testng-results ignored="0" total="3" passed="3" failed="0" skipped="0">
  <reporter-output>
  </reporter-output>
  <suite started-at="2019-12-23T09:12:11Z" name="Default suite" finished-at="2019-12-23T09:12:11Z" duration-ms="123">
    <groups>
    </groups>
    <test started-at="2019-12-23T09:12:11Z" name="Default test" finished-at="2019-12-23T09:12:11Z" duration-ms="123">
      <class name="testPackage.testClass">
        <test-method signature="test()[pri:1, instance:testPackage.testClass@41a2befb]" started-at="2019-12-23T09:12:11Z" name="test" finished-at="2019-12-23T09:12:11Z" duration-ms="24" status="PASS">
          <reporter-output>
          </reporter-output>
        </test-method> <!-- test -->
        <test-method signature="arraySum()[pri:2, instance:testPackage.testClass@41a2befb]" started-at="2019-12-23T09:12:11Z" name="arraySum" finished-at="2019-12-23T09:12:11Z" duration-ms="4" status="PASS">
          <reporter-output>
          </reporter-output>
        </test-method> <!-- arraySum -->
        <test-method signature="add()[pri:3, instance:testPackage.testClass@41a2befb]" started-at="2019-12-23T09:12:11Z" name="add" finished-at="2019-12-23T09:12:11Z" duration-ms="2" status="PASS">
          <reporter-output>
          </reporter-output>
        </test-method> <!-- add -->
      </class> <!-- testPackage.testClass -->
    </test> <!-- Default test -->
  </suite> <!-- Default suite -->
</testng-results>
